<?xml version="1.0" encoding="UTF-8"?>
<testsuite xmlns:xsi="http://www.w3.org/2001/XMLSchema-instance" xsi:noNamespaceSchemaLocation="https://maven.apache.org/surefire/maven-surefire-plugin/xsd/surefire-test-report.xsd" version="3.0.2" name="com.example.demo.P15DiscoveryClientApplicationTests" time="8.925" tests="1" errors="0" skipped="0" failures="0">
  <properties>
[...]
</properties>
  <testcase name="contextLoads" classname="com.example.demo.P15DiscoveryClientApplicationTests" time="0.951">
    <system-out><![CDATA[Standard Commons Logging discovery in action with spring-jcl: please remove commons-logging.jar from classpath in order to avoid potential conflicts
15:02:36.429 [main] INFO org.springframework.test.context.support.AnnotationConfigContextLoaderUtils -- Could not detect default configuration classes for test class [com.example.demo.P15DiscoveryClientApplicationTests]: P15DiscoveryClientApplicationTests does not declare any static, non-private, non-final, nested classes annotated with @Configuration.
15:02:36.673 [main] INFO org.springframework.boot.test.context.SpringBootTestContextBootstrapper -- Found @SpringBootConfiguration com.example.demo.P15DiscoveryClientApplication for test class com.example.demo.P15DiscoveryClientApplicationTests
15:02:37.263 [main] INFO org.springframework.boot.devtools.restart.RestartApplicationListener -- Restart disabled due to context in which it is running

  .   ____          _            __ _ _
 /\\ / ___'_ __ _ _(_)_ __  __ _ \ \ \ \
( ( )\___ | '_ | '_| | '_ \/ _` | \ \ \ \
 \\/  ___)| |_)| | | | | || (_| |  ) ) ) )
  '  |____| .__|_| |_|_| |_\__, | / / / /
 =========|_|==============|___/=/_/_/_/

 :: Spring Boot ::                (v3.4.2)

2025-02-12T15:02:39.059+05:30  INFO 2296 --- [P15DiscoveryClient] [           main] c.e.d.P15DiscoveryClientApplicationTests : Starting P15DiscoveryClientApplicationTests using Java 21.0.4 with PID 2296 (started by VISHAL in C:\Users\VISHAL\Documents\GitHub\E_Pack_Mart\P15DiscoveryClient)
2025-02-12T15:02:39.061+05:30  INFO 2296 --- [P15DiscoveryClient] [           main] c.e.d.P15DiscoveryClientApplicationTests : No active profile set, falling back to 1 default profile: "default"
2025-02-12T15:02:40.905+05:30  INFO 2296 --- [P15DiscoveryClient] [           main] o.s.cloud.context.scope.GenericScope     : BeanFactory id=b3a44a34-d7de-34b8-bd6f-51f0b834a1a8
2025-02-12T15:02:41.573+05:30  INFO 2296 --- [P15DiscoveryClient] [           main] o.s.v.b.OptionalValidatorFactoryBean     : Failed to set up a Bean Validation provider: jakarta.validation.NoProviderFoundException: Unable to create a Configuration, because no Jakarta Bean Validation provider could be found. Add a provider like Hibernate Validator (RI) to your classpath.
2025-02-12T15:02:42.944+05:30  WARN 2296 --- [P15DiscoveryClient] [           main] iguration$LoadBalancerCaffeineWarnLogger : Spring Cloud LoadBalancer is currently working with the default cache. While this cache implementation is useful for development and tests, it's recommended to use Caffeine cache in production.You can switch to using Caffeine cache, by adding it and org.springframework.cache.caffeine.CaffeineCacheManager to the classpath.
2025-02-12T15:02:43.269+05:30  INFO 2296 --- [P15DiscoveryClient] [           main] o.s.c.n.eureka.InstanceInfoFactory       : Setting initial instance status as: STARTING
2025-02-12T15:02:43.306+05:30  INFO 2296 --- [P15DiscoveryClient] [           main] com.netflix.discovery.DiscoveryClient    : Initializing Eureka in region us-east-1
2025-02-12T15:02:43.308+05:30  INFO 2296 --- [P15DiscoveryClient] [           main] com.netflix.discovery.DiscoveryClient    : Client configured to neither register nor query for data.
2025-02-12T15:02:43.311+05:30  INFO 2296 --- [P15DiscoveryClient] [           main] com.netflix.discovery.DiscoveryClient    : Discovery Client initialized at timestamp 1739352763309 with initial instances count: 0
2025-02-12T15:02:43.390+05:30  INFO 2296 --- [P15DiscoveryClient] [           main] c.n.eureka.DefaultEurekaServerContext    : Initializing ...
2025-02-12T15:02:43.392+05:30  INFO 2296 --- [P15DiscoveryClient] [           main] c.n.eureka.cluster.PeerEurekaNodes       : Adding new peer nodes [http://localhost:8761/eureka/]
2025-02-12T15:02:43.628+05:30  INFO 2296 --- [P15DiscoveryClient] [           main] c.n.d.provider.DiscoveryJerseyProvider   : Using JSON encoding codec LegacyJacksonJson
2025-02-12T15:02:43.629+05:30  INFO 2296 --- [P15DiscoveryClient] [           main] c.n.d.provider.DiscoveryJerseyProvider   : Using JSON decoding codec LegacyJacksonJson
2025-02-12T15:02:43.629+05:30  INFO 2296 --- [P15DiscoveryClient] [           main] c.n.d.provider.DiscoveryJerseyProvider   : Using XML encoding codec XStreamXml
2025-02-12T15:02:43.629+05:30  INFO 2296 --- [P15DiscoveryClient] [           main] c.n.d.provider.DiscoveryJerseyProvider   : Using XML decoding codec XStreamXml
2025-02-12T15:02:43.709+05:30  INFO 2296 --- [P15DiscoveryClient] [           main] c.n.eureka.cluster.PeerEurekaNodes       : Replica node URL:  http://localhost:8761/eureka/
2025-02-12T15:02:43.722+05:30  INFO 2296 --- [P15DiscoveryClient] [           main] c.n.e.registry.AbstractInstanceRegistry  : Finished initializing remote region registries. All known remote regions: []
2025-02-12T15:02:43.723+05:30  INFO 2296 --- [P15DiscoveryClient] [           main] c.n.eureka.DefaultEurekaServerContext    : Initialized
2025-02-12T15:02:43.861+05:30  INFO 2296 --- [P15DiscoveryClient] [           main] o.s.b.a.e.web.EndpointLinksResolver      : Exposing 1 endpoint beneath base path '/actuator'
2025-02-12T15:02:43.933+05:30  INFO 2296 --- [P15DiscoveryClient] [           main] o.s.c.n.e.s.EurekaServiceRegistry        : Registering application P15DISCOVERYCLIENT with eureka with status UP
2025-02-12T15:02:43.952+05:30  INFO 2296 --- [P15DiscoveryClient] [           main] c.e.d.P15DiscoveryClientApplicationTests : Started P15DiscoveryClientApplicationTests in 6.715 seconds (process running for 8.689)
2025-02-12T15:02:43.959+05:30  INFO 2296 --- [P15DiscoveryClient] [      Thread-11] o.s.c.n.e.server.EurekaServerBootstrap   : isAws returned false
2025-02-12T15:02:43.959+05:30  INFO 2296 --- [P15DiscoveryClient] [      Thread-11] o.s.c.n.e.server.EurekaServerBootstrap   : Initialized server context
2025-02-12T15:02:43.959+05:30  INFO 2296 --- [P15DiscoveryClient] [      Thread-11] c.n.e.r.PeerAwareInstanceRegistryImpl    : Got 1 instances from neighboring DS node
2025-02-12T15:02:43.960+05:30  INFO 2296 --- [P15DiscoveryClient] [      Thread-11] c.n.e.r.PeerAwareInstanceRegistryImpl    : Renew threshold is: 1
2025-02-12T15:02:43.960+05:30  INFO 2296 --- [P15DiscoveryClient] [      Thread-11] c.n.e.r.PeerAwareInstanceRegistryImpl    : Changing status to UP
2025-02-12T15:02:43.975+05:30  INFO 2296 --- [P15DiscoveryClient] [      Thread-11] e.s.EurekaServerInitializerConfiguration : Started Eureka Server
]]></system-out>
    <system-err><![CDATA[Mockito is currently self-attaching to enable the inline-mock-maker. This will no longer work in future releases of the JDK. Please add Mockito as an agent to your build what is described in Mockito's documentation: https://javadoc.io/doc/org.mockito/mockito-core/latest/org/mockito/Mockito.html#0.3
WARNING: A Java agent has been loaded dynamically (C:\Users\VISHAL\.m2\repository\net\bytebuddy\byte-buddy-agent\1.15.11\byte-buddy-agent-1.15.11.jar)
WARNING: If a serviceability tool is in use, please run with -XX:+EnableDynamicAgentLoading to hide this warning
WARNING: If a serviceability tool is not in use, please run with -Djdk.instrument.traceUsage for more information
WARNING: Dynamic loading of agents will be disallowed by default in a future release
]]></system-err>
  </testcase>
</testsuite>